2017-12-05 16:32:22,605 INFO [org.springframework.web.servlet.DispatcherServlet]initServletBean(line:454)[localhost-startStop-1]FrameworkServlet 'spring': initialization started
2017-12-05 16:32:22,623 INFO [org.springframework.web.context.support.XmlWebApplicationContext]prepareRefresh(line:510)[localhost-startStop-1]Refreshing WebApplicationContext for namespace 'spring-servlet': startup date [Tue Dec 05 16:32:22 CST 2017]; root of context hierarchy
2017-12-05 16:32:22,653 INFO [org.springframework.beans.factory.xml.XmlBeanDefinitionReader]loadBeanDefinitions(line:315)[localhost-startStop-1]Loading XML bean definitions from class path resource [applicationContext.xml]
2017-12-05 16:32:22,798 INFO [org.springframework.beans.factory.xml.XmlBeanDefinitionReader]loadBeanDefinitions(line:315)[localhost-startStop-1]Loading XML bean definitions from class path resource [applicationContext-resource.xml]
2017-12-05 16:32:22,870 INFO [org.springframework.beans.factory.xml.XmlBeanDefinitionReader]loadBeanDefinitions(line:315)[localhost-startStop-1]Loading XML bean definitions from class path resource [applicationContext-persist.xml]
2017-12-05 16:32:23,054 INFO [org.springframework.beans.factory.xml.XmlBeanDefinitionReader]loadBeanDefinitions(line:315)[localhost-startStop-1]Loading XML bean definitions from class path resource [applicationContext-quartz.xml]
2017-12-05 16:32:23,347 INFO [org.springframework.beans.factory.annotation.AutowiredAnnotationBeanPostProcessor]<init>(line:141)[localhost-startStop-1]JSR-330 'javax.inject.Inject' annotation found and supported for autowiring
2017-12-05 16:32:23,631 INFO [org.n3r.quartz.glass.configuration.Configuration]init(line:57)[localhost-startStop-1]Using store MEMORY
2017-12-05 16:32:23,632 INFO [org.n3r.quartz.glass.configuration.Configuration]init(line:58)[localhost-startStop-1]Using store tablePrefix sac_rec_
2017-12-05 16:32:23,632 INFO [org.n3r.quartz.glass.configuration.Configuration]init(line:59)[localhost-startStop-1]Using job basePackage org.n3r.quartz.glass.job
2017-12-05 16:32:23,632 INFO [org.n3r.quartz.glass.configuration.Configuration]init(line:60)[localhost-startStop-1]Using job dateFormat yyyy-MM-dd HH:mm:ss
2017-12-05 16:32:23,632 INFO [org.n3r.quartz.glass.configuration.Configuration]init(line:61)[localhost-startStop-1]Using job injectionType FIELD
2017-12-05 16:32:23,633 INFO [org.n3r.quartz.glass.configuration.Configuration]init(line:62)[localhost-startStop-1]Using log store JDBC
2017-12-05 16:32:23,750 INFO [org.springframework.beans.factory.support.DefaultListableBeanFactory]preInstantiateSingletons(line:598)[localhost-startStop-1]Pre-instantiating singletons in org.springframework.beans.factory.support.DefaultListableBeanFactory@29643eec: defining beans [org.springframework.aop.config.internalAutoProxyCreator,pointcut,org.springframework.aop.support.DefaultBeanFactoryPointcutAdvisor#0,txAdvice,sqlMapClient,transactionManager,dataSource,multipartResolver,net.easipay.cbp.util.SpringServiceFactory#0,net.easipay.dsfc.ApplicationContextInitializer#0,recDiffManager,oriTransactionManager,oriTrxDetailManager,recBatchDetailManager,recBatchManager,sacChnSettlementManager,sacCusDailyBalanceManager,sacCusParameterService,oriTransactionDao,oriTrxDetailDao,recBatchDetailDao,recBatchDao,recDiffDao,sacChnSettlementDao,sacCusDailyBalanceDao,sacCusParameter,configuration,version,glassJobFactory,glassJobListener,glassSchedulerListener,springConfig,configurationController,filesController,indexController,jobsController,jsServiceController,logsController,triggersController,jobAdder,jobPathScanner,org.springframework.context.annotation.internalConfigurationAnnotationProcessor,org.springframework.context.annotation.internalAutowiredAnnotationProcessor,org.springframework.context.annotation.internalRequiredAnnotationProcessor,org.springframework.context.annotation.internalCommonAnnotationProcessor,org.springframework.context.annotation.internalPersistenceAnnotationProcessor,内部对账任务 - 每天早上6点,渠道对账长款任务- 每天早上6点50分,处理长款手工补单任务- 每天早上7点10分,渠道对账短款任务 - 每天早上7点20分,渠道对账差错对账任务 - 每天早上7点30分,处理对账成功的交易记账任务 - 每天早上7点40分,清分渠道应收明细任务 - 每天早上8点,客户每日余额任务 - 每天早上1点,渠道每日余额任务 - 每天早上2点,3411记账任务 - 每2分执行一次,处理试算平衡任务- 每天晚上11点,异步处理未处理的记账任务 - 每分执行一次,定时更新付汇批次号- 每天早上11点,org.springframework.context.annotation.ConfigurationClassPostProcessor.importAwareProcessor,org.springframework.web.servlet.config.annotation.DelegatingWebMvcConfiguration,handlerExceptionResolver,requestMappingHandlerMapping,mvcContentNegotiationManager,viewControllerHandlerMapping,beanNameHandlerMapping,resourceHandlerMapping,defaultServletHandlerMapping,requestMappingHandlerAdapter,mvcConversionService,mvcValidator,httpRequestHandlerAdapter,simpleControllerHandlerAdapter,quartzScheduler,executions,fixedLocaleResolver,viewResolver,velocityConfig,messageSource,addToModelInterceptor]; root of factory hierarchy
2017-12-05 16:32:24,251 INFO [net.easipay.dsfc.ApplicationContextLogger]info(line:14)[localhost-startStop-1]Start to initLocalContextEnv...
2017-12-05 16:32:24,301 INFO [net.easipay.dsfc.ApplicationContextLogger]info(line:14)[localhost-startStop-1]Found MBeanServer...
2017-12-05 16:32:24,310 INFO [net.easipay.dsfc.ApplicationContextLogger]info(line:14)[localhost-startStop-1]Success to initLocalContextEnv[ port - 8083 ]....
2017-12-05 16:32:24,311 INFO [net.easipay.dsfc.ApplicationContextLogger]info(line:14)[localhost-startStop-1]Success to initLocalContextEnv[ context - /rec ]....
2017-12-05 16:32:24,311 INFO [net.easipay.dsfc.ApplicationContextLogger]info(line:14)[localhost-startStop-1]Start to setDsfsConfig...
2017-12-05 16:32:24,313 INFO [net.easipay.dsfc.ApplicationContextLogger]info(line:14)[localhost-startStop-1]Success to init dsfs ip:10.68.7.50 port:8083 context:dsf protocol:HTTP
2017-12-05 16:32:24,313 INFO [net.easipay.dsfc.ApplicationContextLogger]info(line:14)[localhost-startStop-1]Success to init localService[DsfsConfig - dsfc-0001 - dsfc-0002 - dsfc-0003 - dsfc-0004 - dsfc-0005 - dsfc-0006]....
2017-12-05 16:32:24,317 INFO [net.easipay.dsfc.cache.CacheLogger]info(line:14)[localhost-startStop-1]Start to register cache service. type - net.easipay.dsfc.Service , timeInterval - 180000
2017-12-05 16:32:24,318 INFO [net.easipay.dsfc.cache.CacheLogger]info(line:14)[localhost-startStop-1]Start to register cache service. type - net.easipay.dsfc.UnifiedConfig , timeInterval - 180000
2017-12-05 16:32:24,319 INFO [net.easipay.dsfc.cache.CacheLogger]info(line:14)[localhost-startStop-1]Start to register cache service. type - net.easipay.dsfc.local.service , timeInterval - 180000
2017-12-05 16:32:24,319 INFO [net.easipay.dsfc.ApplicationContextLogger]info(line:14)[localhost-startStop-1]Start to autowired...
2017-12-05 16:32:24,324 INFO [net.easipay.dsfc.ApplicationContextLogger]info(line:14)[localhost-startStop-1]Success to init wssRequestMappingRegistry[/noticeSacRecDiff]....
2017-12-05 16:32:24,329 INFO [net.easipay.dsfc.ApplicationContextLogger]info(line:14)[localhost-startStop-1]Success to init wssHandlerExecutingChains[/noticeSacRecDiff]....
2017-12-05 16:32:24,330 INFO [net.easipay.dsfc.ws.WsLogger]info(line:17)[localhost-startStop-1]Start automatic registration...
2017-12-05 16:32:24,331 INFO [net.easipay.dsfc.ApplicationContextLogger]info(line:14)[localhost-startStop-1]Start to setServiceConfigs...
2017-12-05 16:32:24,368 INFO [net.easipay.dsfc.ApplicationContextLogger]info(line:14)[localhost-startStop-1]Success to init service[serviceUrl - http://10.68.30.91:8083/rec/interface/noticeSacRecDiff]....
2017-12-05 16:32:24,369 INFO [net.easipay.dsfc.ApplicationContextLogger]info(line:14)[localhost-startStop-1]Start to push 1 services
2017-12-05 16:32:24,518 INFO [net.easipay.dsfc.cache.CacheLogger]info(line:14)[localhost-startStop-1]Start refresh cache... [ cacheType - net.easipay.dsfc.local.service ]
2017-12-05 16:32:24,604 DEBUG [net.easipay.dsfc.ws.WsLogger]debug(line:37)[localhost-startStop-1]Preprocess time - 85
2017-12-05 16:32:24,605 DEBUG [net.easipay.dsfc.ws.WsLogger]debug(line:37)[localhost-startStop-1]Service - 服务注册接口
2017-12-05 16:32:24,605 DEBUG [net.easipay.dsfc.ws.WsLogger]debug(line:37)[localhost-startStop-1]HttpUrl - http://10.68.7.50:8083/dsf/interface/registeService
2017-12-05 16:32:24,605 DEBUG [net.easipay.dsfc.ws.WsLogger]debug(line:37)[localhost-startStop-1]Request - {"Request":{"dstbServices":[{"serviceId":"SAC-REC-0001","serviceName":"接收渠道差错处理通知接口","serviceDesc":null,"serviceProtocol":"HTTP","serviceIp":"10.68.30.91","servicePort":"8083","callWay":"POST","serviceDataMode":"01","routeArithmetic":"0","arithmeticValue":"30","serviceSuffix":"/rec/interface/noticeSacRecDiff","serviceSource":"rec","serviceStatus":"01","cacheNum":null,"memo":"","monitor":true}]},"Signature":{"Sign":"","data":""},"PubInfo":{"RequestVersion":"2.0.1","TransactionId":"rec20171205163224519","Channel":"rec","ClientIP":"10.68.30.91","Origin":"rec","TransactionTime":"20171205163224"}}
2017-12-05 16:32:24,634 DEBUG [net.easipay.dsfc.ws.WsLogger]debug(line:37)[localhost-startStop-1]Response - {"Message":"成功","Response":{},"Code":"000000"}
2017-12-05 16:32:24,635 DEBUG [net.easipay.dsfc.ws.WsLogger]debug(line:37)[localhost-startStop-1]Call time - 29
2017-12-05 16:32:24,747 INFO [org.quartz.impl.StdSchedulerFactory]instantiate(line:1184)[localhost-startStop-1]Using default implementation for ThreadExecutor
2017-12-05 16:32:24,766 INFO [org.quartz.core.SchedulerSignalerImpl]<init>(line:61)[localhost-startStop-1]Initialized Scheduler Signaller of type: class org.quartz.core.SchedulerSignalerImpl
2017-12-05 16:32:24,766 INFO [org.quartz.core.QuartzScheduler]<init>(line:240)[localhost-startStop-1]Quartz Scheduler v.2.2.1 created.
2017-12-05 16:32:24,767 INFO [org.quartz.simpl.RAMJobStore]initialize(line:155)[localhost-startStop-1]RAMJobStore initialized.
2017-12-05 16:32:24,768 INFO [org.quartz.core.QuartzScheduler]initialize(line:305)[localhost-startStop-1]Scheduler meta-data: Quartz Scheduler (v2.2.1) 'QuartzScheduler' with instanceId 'NON_CLUSTERED'
  Scheduler class: 'org.quartz.core.QuartzScheduler' - running locally.
  NOT STARTED.
  Currently in standby mode.
  Number of jobs executed: 0
  Using thread pool 'org.quartz.simpl.SimpleThreadPool' - with 15 threads.
  Using job-store 'org.quartz.simpl.RAMJobStore' - which does not support persistence. and is not clustered.

2017-12-05 16:32:24,768 INFO [org.quartz.impl.StdSchedulerFactory]instantiate(line:1339)[localhost-startStop-1]Quartz scheduler 'QuartzScheduler' initialized from an externally provided properties instance.
2017-12-05 16:32:24,769 INFO [org.quartz.impl.StdSchedulerFactory]instantiate(line:1343)[localhost-startStop-1]Quartz scheduler version: 2.2.1
2017-12-05 16:32:24,769 INFO [org.quartz.core.QuartzScheduler]setJobFactory(line:2311)[localhost-startStop-1]JobFactory set to: org.n3r.quartz.glass.job.GlassJobFactory@5ae1a690
2017-12-05 16:32:24,771 INFO [org.quartz.core.QuartzScheduler]start(line:575)[localhost-startStop-1]Scheduler QuartzScheduler_$_NON_CLUSTERED started.
2017-12-05 16:32:24,771 DEBUG [org.quartz.core.QuartzSchedulerThread]run(line:276)[QuartzScheduler_QuartzSchedulerThread]batch acquisition of 0 triggers
2017-12-05 16:32:24,812 DEBUG [org.quartz.core.QuartzSchedulerThread]run(line:276)[QuartzScheduler_QuartzSchedulerThread]batch acquisition of 0 triggers
2017-12-05 16:32:24,817 DEBUG [org.quartz.core.QuartzSchedulerThread]run(line:276)[QuartzScheduler_QuartzSchedulerThread]batch acquisition of 0 triggers
2017-12-05 16:32:24,834 DEBUG [org.quartz.core.QuartzSchedulerThread]run(line:276)[QuartzScheduler_QuartzSchedulerThread]batch acquisition of 0 triggers
2017-12-05 16:32:24,834 DEBUG [org.quartz.core.QuartzSchedulerThread]run(line:276)[QuartzScheduler_QuartzSchedulerThread]batch acquisition of 0 triggers
2017-12-05 16:32:24,836 DEBUG [org.quartz.core.QuartzSchedulerThread]run(line:276)[QuartzScheduler_QuartzSchedulerThread]batch acquisition of 0 triggers
2017-12-05 16:32:24,836 DEBUG [org.quartz.core.QuartzSchedulerThread]run(line:276)[QuartzScheduler_QuartzSchedulerThread]batch acquisition of 0 triggers
2017-12-05 16:32:24,838 DEBUG [org.quartz.core.QuartzSchedulerThread]run(line:276)[QuartzScheduler_QuartzSchedulerThread]batch acquisition of 0 triggers
2017-12-05 16:32:24,838 DEBUG [org.quartz.core.QuartzSchedulerThread]run(line:276)[QuartzScheduler_QuartzSchedulerThread]batch acquisition of 0 triggers
2017-12-05 16:32:24,841 DEBUG [org.quartz.core.QuartzSchedulerThread]run(line:276)[QuartzScheduler_QuartzSchedulerThread]batch acquisition of 0 triggers
2017-12-05 16:32:24,841 DEBUG [org.quartz.core.QuartzSchedulerThread]run(line:276)[QuartzScheduler_QuartzSchedulerThread]batch acquisition of 0 triggers
2017-12-05 16:32:24,842 DEBUG [org.quartz.core.QuartzSchedulerThread]run(line:276)[QuartzScheduler_QuartzSchedulerThread]batch acquisition of 0 triggers
2017-12-05 16:32:24,843 DEBUG [org.quartz.core.QuartzSchedulerThread]run(line:276)[QuartzScheduler_QuartzSchedulerThread]batch acquisition of 0 triggers
2017-12-05 16:32:24,845 DEBUG [org.quartz.core.QuartzSchedulerThread]run(line:276)[QuartzScheduler_QuartzSchedulerThread]batch acquisition of 0 triggers
2017-12-05 16:32:24,845 DEBUG [org.quartz.core.QuartzSchedulerThread]run(line:276)[QuartzScheduler_QuartzSchedulerThread]batch acquisition of 0 triggers
2017-12-05 16:32:24,846 DEBUG [org.quartz.core.QuartzSchedulerThread]run(line:276)[QuartzScheduler_QuartzSchedulerThread]batch acquisition of 0 triggers
2017-12-05 16:32:24,847 DEBUG [org.quartz.core.QuartzSchedulerThread]run(line:276)[QuartzScheduler_QuartzSchedulerThread]batch acquisition of 0 triggers
2017-12-05 16:32:24,848 DEBUG [org.quartz.core.QuartzSchedulerThread]run(line:276)[QuartzScheduler_QuartzSchedulerThread]batch acquisition of 0 triggers
2017-12-05 16:32:24,850 DEBUG [org.quartz.core.QuartzSchedulerThread]run(line:276)[QuartzScheduler_QuartzSchedulerThread]batch acquisition of 0 triggers
2017-12-05 16:32:24,850 DEBUG [org.quartz.core.QuartzSchedulerThread]run(line:276)[QuartzScheduler_QuartzSchedulerThread]batch acquisition of 0 triggers
2017-12-05 16:32:24,851 DEBUG [org.quartz.core.QuartzSchedulerThread]run(line:276)[QuartzScheduler_QuartzSchedulerThread]batch acquisition of 0 triggers
2017-12-05 16:32:24,852 DEBUG [org.quartz.core.QuartzSchedulerThread]run(line:276)[QuartzScheduler_QuartzSchedulerThread]batch acquisition of 0 triggers
2017-12-05 16:32:24,853 DEBUG [org.quartz.core.QuartzSchedulerThread]run(line:276)[QuartzScheduler_QuartzSchedulerThread]batch acquisition of 0 triggers
2017-12-05 16:32:24,854 DEBUG [org.quartz.core.QuartzSchedulerThread]run(line:276)[QuartzScheduler_QuartzSchedulerThread]batch acquisition of 0 triggers
2017-12-05 16:32:24,854 DEBUG [org.quartz.core.QuartzSchedulerThread]run(line:276)[QuartzScheduler_QuartzSchedulerThread]batch acquisition of 0 triggers
2017-12-05 16:32:24,855 DEBUG [org.quartz.core.QuartzSchedulerThread]run(line:276)[QuartzScheduler_QuartzSchedulerThread]batch acquisition of 0 triggers
2017-12-05 16:32:24,861 DEBUG [org.quartz.core.QuartzSchedulerThread]run(line:276)[QuartzScheduler_QuartzSchedulerThread]batch acquisition of 0 triggers
2017-12-05 16:32:25,052 INFO [org.springframework.web.servlet.mvc.method.annotation.RequestMappingHandlerMapping]registerHandlerMethod(line:179)[localhost-startStop-1]Mapped "{[/configuration],methods=[],params=[],headers=[],consumes=[],produces=[],custom=[]}" onto public java.lang.String org.n3r.quartz.glass.web.controller.ConfigurationController.configuration(org.springframework.ui.Model) throws org.quartz.SchedulerException
2017-12-05 16:32:25,053 INFO [org.springframework.web.servlet.mvc.method.annotation.RequestMappingHandlerMapping]registerHandlerMethod(line:179)[localhost-startStop-1]Mapped "{[/image/{name}.png],methods=[],params=[],headers=[],consumes=[],produces=[],custom=[]}" onto public void org.n3r.quartz.glass.web.controller.FilesController.image(java.lang.String,javax.servlet.http.HttpServletResponse) throws java.io.IOException
2017-12-05 16:32:25,054 INFO [org.springframework.web.servlet.mvc.method.annotation.RequestMappingHandlerMapping]registerHandlerMethod(line:179)[localhost-startStop-1]Mapped "{[/css/style.css],methods=[],params=[],headers=[],consumes=[],produces=[],custom=[]}" onto public void org.n3r.quartz.glass.web.controller.FilesController.ccs(javax.servlet.http.HttpServletResponse) throws java.io.IOException
2017-12-05 16:32:25,054 INFO [org.springframework.web.servlet.mvc.method.annotation.RequestMappingHandlerMapping]registerHandlerMethod(line:179)[localhost-startStop-1]Mapped "{[/js/{name}.js],methods=[],params=[],headers=[],consumes=[],produces=[],custom=[]}" onto public void org.n3r.quartz.glass.web.controller.FilesController.javascript(java.lang.String,javax.servlet.http.HttpServletResponse) throws java.io.IOException
2017-12-05 16:32:25,055 INFO [org.springframework.web.servlet.mvc.method.annotation.RequestMappingHandlerMapping]registerHandlerMethod(line:179)[localhost-startStop-1]Mapped "{[/start],methods=[],params=[],headers=[],consumes=[],produces=[],custom=[]}" onto public java.lang.String org.n3r.quartz.glass.web.controller.IndexController.start() throws org.quartz.SchedulerException
2017-12-05 16:32:25,055 INFO [org.springframework.web.servlet.mvc.method.annotation.RequestMappingHandlerMapping]registerHandlerMethod(line:179)[localhost-startStop-1]Mapped "{[/interrupt],methods=[],params=[],headers=[],consumes=[],produces=[],custom=[]}" onto public java.lang.String org.n3r.quartz.glass.web.controller.IndexController.interrupt(java.lang.String,java.lang.String) throws org.quartz.SchedulerException
2017-12-05 16:32:25,055 INFO [org.springframework.web.servlet.mvc.method.annotation.RequestMappingHandlerMapping]registerHandlerMethod(line:179)[localhost-startStop-1]Mapped "{[/ || /index],methods=[],params=[],headers=[],consumes=[],produces=[],custom=[]}" onto public java.lang.String org.n3r.quartz.glass.web.controller.IndexController.dashboard(org.springframework.ui.Model) throws org.quartz.SchedulerException
2017-12-05 16:32:25,055 INFO [org.springframework.web.servlet.mvc.method.annotation.RequestMappingHandlerMapping]registerHandlerMethod(line:179)[localhost-startStop-1]Mapped "{[/standby],methods=[],params=[],headers=[],consumes=[],produces=[],custom=[]}" onto public java.lang.String org.n3r.quartz.glass.web.controller.IndexController.standby() throws org.quartz.SchedulerException
2017-12-05 16:32:25,056 INFO [org.springframework.web.servlet.mvc.method.annotation.RequestMappingHandlerMapping]registerHandlerMethod(line:179)[localhost-startStop-1]Mapped "{[/restartTrigger],methods=[],params=[],headers=[],consumes=[],produces=[],custom=[]}" onto public java.lang.String org.n3r.quartz.glass.web.controller.IndexController.restartTrigger(java.lang.String,java.lang.String) throws org.quartz.SchedulerException
2017-12-05 16:32:25,062 INFO [org.springframework.web.servlet.mvc.method.annotation.RequestMappingHandlerMapping]registerHandlerMethod(line:179)[localhost-startStop-1]Mapped "{[/jobs/{group}/{name}/delete],methods=[],params=[],headers=[],consumes=[],produces=[],custom=[]}" onto public java.lang.String org.n3r.quartz.glass.web.controller.JobsController.delete(java.lang.String,java.lang.String) throws org.quartz.SchedulerException
2017-12-05 16:32:25,063 INFO [org.springframework.web.servlet.mvc.method.annotation.RequestMappingHandlerMapping]registerHandlerMethod(line:179)[localhost-startStop-1]Mapped "{[/jobs/{group}/{name}/fire],methods=[POST],params=[],headers=[],consumes=[],produces=[],custom=[]}" onto public java.lang.String org.n3r.quartz.glass.web.controller.JobsController.fire(javax.servlet.http.HttpServletRequest,java.lang.String,java.lang.String) throws org.quartz.SchedulerException
2017-12-05 16:32:25,063 INFO [org.springframework.web.servlet.mvc.method.annotation.RequestMappingHandlerMapping]registerHandlerMethod(line:179)[localhost-startStop-1]Mapped "{[/jobs/{group}/{name}],methods=[],params=[],headers=[],consumes=[],produces=[],custom=[]}" onto public java.lang.String org.n3r.quartz.glass.web.controller.JobsController.job(java.lang.String,java.lang.String,org.springframework.ui.Model) throws org.quartz.SchedulerException
2017-12-05 16:32:25,063 INFO [org.springframework.web.servlet.mvc.method.annotation.RequestMappingHandlerMapping]registerHandlerMethod(line:179)[localhost-startStop-1]Mapped "{[/jobs/new],methods=[],params=[],headers=[],consumes=[],produces=[],custom=[]}" onto public java.lang.String org.n3r.quartz.glass.web.controller.JobsController.createJob(org.springframework.ui.Model) throws org.quartz.SchedulerException
2017-12-05 16:32:25,064 INFO [org.springframework.web.servlet.mvc.method.annotation.RequestMappingHandlerMapping]registerHandlerMethod(line:179)[localhost-startStop-1]Mapped "{[/jobs],methods=[],params=[],headers=[],consumes=[],produces=[],custom=[]}" onto public java.lang.String org.n3r.quartz.glass.web.controller.JobsController.jobs(org.springframework.ui.Model) throws org.quartz.SchedulerException
2017-12-05 16:32:25,064 INFO [org.springframework.web.servlet.mvc.method.annotation.RequestMappingHandlerMapping]registerHandlerMethod(line:179)[localhost-startStop-1]Mapped "{[/jobs/new],methods=[POST],params=[],headers=[],consumes=[],produces=[],custom=[]}" onto public java.lang.String org.n3r.quartz.glass.web.controller.JobsController.postCreateJob(org.n3r.quartz.glass.web.form.NewJobForm,org.springframework.validation.BindingResult,org.springframework.ui.Model) throws org.quartz.SchedulerException
2017-12-05 16:32:25,065 INFO [org.springframework.web.servlet.mvc.method.annotation.RequestMappingHandlerMapping]registerHandlerMethod(line:179)[localhost-startStop-1]Mapped "{[/jobs/{group}/{name}/edit],methods=[],params=[],headers=[],consumes=[],produces=[],custom=[]}" onto public java.lang.String org.n3r.quartz.glass.web.controller.JobsController.updateJob(java.lang.String,java.lang.String,org.springframework.ui.Model) throws org.quartz.SchedulerException
2017-12-05 16:32:25,065 INFO [org.springframework.web.servlet.mvc.method.annotation.RequestMappingHandlerMapping]registerHandlerMethod(line:179)[localhost-startStop-1]Mapped "{[/jobs/{group}/{name}/edit],methods=[POST],params=[],headers=[],consumes=[],produces=[],custom=[]}" onto public java.lang.String org.n3r.quartz.glass.web.controller.JobsController.postUpdateJob(java.lang.String,java.lang.String,org.n3r.quartz.glass.web.form.JobForm,org.springframework.validation.BindingResult,org.springframework.ui.Model) throws org.quartz.SchedulerException
2017-12-05 16:32:25,067 INFO [org.springframework.web.servlet.mvc.method.annotation.RequestMappingHandlerMapping]registerHandlerMethod(line:179)[localhost-startStop-1]Mapped "{[/jsapi/jobs/description],methods=[],params=[],headers=[],consumes=[],produces=[],custom=[]}" onto public org.n3r.quartz.glass.job.annotation.JobBean org.n3r.quartz.glass.web.controller.JsServiceController.description(java.lang.String)
2017-12-05 16:32:25,067 INFO [org.springframework.web.servlet.mvc.method.annotation.RequestMappingHandlerMapping]registerHandlerMethod(line:179)[localhost-startStop-1]Mapped "{[/jsapi/logs],methods=[],params=[],headers=[],consumes=[],produces=[],custom=[]}" onto public org.n3r.quartz.glass.util.Page<org.n3r.quartz.glass.log.joblog.JobLog> org.n3r.quartz.glass.web.controller.JsServiceController.logs(java.lang.Long,java.lang.Integer)
2017-12-05 16:32:25,068 INFO [org.springframework.web.servlet.mvc.method.annotation.RequestMappingHandlerMapping]registerHandlerMethod(line:179)[localhost-startStop-1]Mapped "{[/logs/clear],methods=[],params=[],headers=[],consumes=[],produces=[],custom=[]}" onto public java.lang.String org.n3r.quartz.glass.web.controller.LogsController.clear(int,org.springframework.ui.Model)
2017-12-05 16:32:25,069 INFO [org.springframework.web.servlet.mvc.method.annotation.RequestMappingHandlerMapping]registerHandlerMethod(line:179)[localhost-startStop-1]Mapped "{[/logs],methods=[],params=[],headers=[],consumes=[],produces=[],custom=[]}" onto public java.lang.String org.n3r.quartz.glass.web.controller.LogsController.logs(int,org.springframework.ui.Model)
2017-12-05 16:32:25,069 INFO [org.springframework.web.servlet.mvc.method.annotation.RequestMappingHandlerMapping]registerHandlerMethod(line:179)[localhost-startStop-1]Mapped "{[/logs/{result}],methods=[],params=[],headers=[],consumes=[],produces=[],custom=[]}" onto public java.lang.String org.n3r.quartz.glass.web.controller.LogsController.logs(java.lang.String,int,org.springframework.ui.Model)
2017-12-05 16:32:25,069 INFO [org.springframework.web.servlet.mvc.method.annotation.RequestMappingHandlerMapping]registerHandlerMethod(line:179)[localhost-startStop-1]Mapped "{[/logs/{jobGroup}/{jobName}],methods=[],params=[],headers=[],consumes=[],produces=[],custom=[]}" onto public java.lang.String org.n3r.quartz.glass.web.controller.LogsController.logs(java.lang.String,java.lang.String,int,org.springframework.ui.Model)
2017-12-05 16:32:25,069 INFO [org.springframework.web.servlet.mvc.method.annotation.RequestMappingHandlerMapping]registerHandlerMethod(line:179)[localhost-startStop-1]Mapped "{[/traces/{executionId}],methods=[],params=[],headers=[],consumes=[],produces=[],custom=[]}" onto public java.lang.String org.n3r.quartz.glass.web.controller.LogsController.traces(java.lang.Long,java.lang.Integer,org.springframework.ui.Model)
2017-12-05 16:32:25,072 INFO [org.springframework.web.servlet.mvc.method.annotation.RequestMappingHandlerMapping]registerHandlerMethod(line:179)[localhost-startStop-1]Mapped "{[/jobs/{group}/{name}/triggers/{triggerGroup}/{triggerName}/resume],methods=[],params=[],headers=[],consumes=[],produces=[],custom=[]}" onto public java.lang.String org.n3r.quartz.glass.web.controller.TriggersController.resume(java.lang.String,java.lang.String,java.lang.String,java.lang.String,java.lang.String) throws org.quartz.SchedulerException
2017-12-05 16:32:25,073 INFO [org.springframework.web.servlet.mvc.method.annotation.RequestMappingHandlerMapping]registerHandlerMethod(line:179)[localhost-startStop-1]Mapped "{[/jobs/{group}/{name}/triggers/{triggerGroup}/{triggerName}/delete],methods=[],params=[],headers=[],consumes=[],produces=[],custom=[]}" onto public java.lang.String org.n3r.quartz.glass.web.controller.TriggersController.delete(java.lang.String,java.lang.String,java.lang.String,java.lang.String,java.lang.String) throws org.quartz.SchedulerException
2017-12-05 16:32:25,074 INFO [org.springframework.web.servlet.mvc.method.annotation.RequestMappingHandlerMapping]registerHandlerMethod(line:179)[localhost-startStop-1]Mapped "{[/triggers],methods=[],params=[],headers=[],consumes=[],produces=[],custom=[]}" onto public java.lang.String org.n3r.quartz.glass.web.controller.TriggersController.all(org.springframework.ui.Model) throws org.quartz.SchedulerException
2017-12-05 16:32:25,074 INFO [org.springframework.web.servlet.mvc.method.annotation.RequestMappingHandlerMapping]registerHandlerMethod(line:179)[localhost-startStop-1]Mapped "{[/jobs/{group}/{name}/triggers/{triggerGroup}/{triggerName}/pause],methods=[],params=[],headers=[],consumes=[],produces=[],custom=[]}" onto public java.lang.String org.n3r.quartz.glass.web.controller.TriggersController.pause(java.lang.String,java.lang.String,java.lang.String,java.lang.String,java.lang.String) throws org.quartz.SchedulerException
2017-12-05 16:32:25,074 INFO [org.springframework.web.servlet.mvc.method.annotation.RequestMappingHandlerMapping]registerHandlerMethod(line:179)[localhost-startStop-1]Mapped "{[/jobs/{group}/{name}/triggers/new-cron],methods=[],params=[],headers=[],consumes=[],produces=[],custom=[]}" onto public java.lang.String org.n3r.quartz.glass.web.controller.TriggersController.createCronTrigger(java.lang.String,java.lang.String,org.springframework.ui.Model) throws org.quartz.SchedulerException
2017-12-05 16:32:25,075 INFO [org.springframework.web.servlet.mvc.method.annotation.RequestMappingHandlerMapping]registerHandlerMethod(line:179)[localhost-startStop-1]Mapped "{[/jobs/{group}/{name}/triggers/new-cron],methods=[POST],params=[],headers=[],consumes=[],produces=[],custom=[]}" onto public java.lang.String org.n3r.quartz.glass.web.controller.TriggersController.postCreateCronTrigger(java.lang.String,java.lang.String,org.n3r.quartz.glass.web.form.NewCronTriggerForm,org.springframework.validation.BindingResult,org.springframework.ui.Model) throws org.quartz.SchedulerException,java.text.ParseException
2017-12-05 16:32:25,075 INFO [org.springframework.web.servlet.mvc.method.annotation.RequestMappingHandlerMapping]registerHandlerMethod(line:179)[localhost-startStop-1]Mapped "{[/jobs/{group}/{name}/triggers/new-simple],methods=[],params=[],headers=[],consumes=[],produces=[],custom=[]}" onto public java.lang.String org.n3r.quartz.glass.web.controller.TriggersController.createSimpleTrigger(java.lang.String,java.lang.String,org.springframework.ui.Model) throws org.quartz.SchedulerException
2017-12-05 16:32:25,075 INFO [org.springframework.web.servlet.mvc.method.annotation.RequestMappingHandlerMapping]registerHandlerMethod(line:179)[localhost-startStop-1]Mapped "{[/jobs/{group}/{name}/triggers/new-simple],methods=[POST],params=[],headers=[],consumes=[],produces=[],custom=[]}" onto public java.lang.String org.n3r.quartz.glass.web.controller.TriggersController.postCreateSimpleTrigger(java.lang.String,java.lang.String,org.n3r.quartz.glass.web.form.NewSimpleTriggerForm,org.springframework.validation.BindingResult,org.springframework.ui.Model) throws org.quartz.SchedulerException,java.text.ParseException
2017-12-05 16:32:25,075 INFO [org.springframework.web.servlet.mvc.method.annotation.RequestMappingHandlerMapping]registerHandlerMethod(line:179)[localhost-startStop-1]Mapped "{[/jobs/{group}/{name}/triggers/{triggerGroup}/{triggerName}/edit],methods=[],params=[],headers=[],consumes=[],produces=[],custom=[]}" onto public java.lang.String org.n3r.quartz.glass.web.controller.TriggersController.edit(java.lang.String,java.lang.String,java.lang.String,java.lang.String,org.springframework.ui.Model) throws org.quartz.SchedulerException
2017-12-05 16:32:25,076 INFO [org.springframework.web.servlet.mvc.method.annotation.RequestMappingHandlerMapping]registerHandlerMethod(line:179)[localhost-startStop-1]Mapped "{[/jobs/{group}/{name}/triggers/{triggerGroup}/{triggerName}/edit-cron],methods=[POST],params=[],headers=[],consumes=[],produces=[],custom=[]}" onto public java.lang.String org.n3r.quartz.glass.web.controller.TriggersController.postEditCronTrigger(java.lang.String,java.lang.String,java.lang.String,java.lang.String,org.n3r.quartz.glass.web.form.CronTriggerForm,org.springframework.validation.BindingResult,org.springframework.ui.Model) throws org.quartz.SchedulerException,java.text.ParseException
2017-12-05 16:32:25,076 INFO [org.springframework.web.servlet.mvc.method.annotation.RequestMappingHandlerMapping]registerHandlerMethod(line:179)[localhost-startStop-1]Mapped "{[/jobs/{group}/{name}/triggers/{triggerGroup}/{triggerName}/edit-simple],methods=[POST],params=[],headers=[],consumes=[],produces=[],custom=[]}" onto public java.lang.String org.n3r.quartz.glass.web.controller.TriggersController.postEditSimpleTrigger(java.lang.String,java.lang.String,java.lang.String,java.lang.String,org.n3r.quartz.glass.web.form.SimpleTriggerForm,org.springframework.validation.BindingResult,org.springframework.ui.Model) throws org.quartz.SchedulerException,java.text.ParseException
2017-12-05 16:32:25,116 INFO [org.springframework.web.servlet.handler.SimpleUrlHandlerMapping]registerHandler(line:315)[localhost-startStop-1]Mapped URL path [/**] onto handler of type [class org.springframework.web.servlet.resource.DefaultServletHttpRequestHandler]
2017-12-05 16:32:25,151 INFO [org.hibernate.validator.util.Version]<clinit>(line:24)[localhost-startStop-1]Hibernate Validator 4.2.0.Final
2017-12-05 16:32:25,158 DEBUG [org.hibernate.validator.engine.resolver.DefaultTraversableResolver]detectJPA(line:107)[localhost-startStop-1]Found javax.persistence.Persistence on classpath containing 'getPersistenceUtil'. Assuming JPA 2 environment. Trying to instantiate JPA aware TraversableResolver
2017-12-05 16:32:25,159 DEBUG [org.hibernate.validator.engine.resolver.DefaultTraversableResolver]detectJPA(line:118)[localhost-startStop-1]Instantiated JPA aware TraversableResolver of type org.hibernate.validator.engine.resolver.JPATraversableResolver.
2017-12-05 16:32:25,162 DEBUG [org.hibernate.validator.xml.ValidationXmlParser]getValidationConfig(line:203)[localhost-startStop-1]Trying to load META-INF/validation.xml for XML based Validator configuration.
2017-12-05 16:32:25,163 DEBUG [org.hibernate.validator.xml.ValidationXmlParser]getValidationConfig(line:206)[localhost-startStop-1]No META-INF/validation.xml found. Using annotation based configuration only
2017-12-05 16:32:25,292 INFO [org.springframework.web.servlet.view.velocity.VelocityConfigurer]postProcessVelocityEngine(line:139)[localhost-startStop-1]ClasspathResourceLoader with name 'springMacro' added to configured VelocityEngine
2017-12-05 16:32:25,296 DEBUG [org.apache.velocity.app.VelocityEngine]logVelocityMessage(line:58)[localhost-startStop-1]Initializing Velocity, Calling init()...
2017-12-05 16:32:25,297 DEBUG [org.apache.velocity.app.VelocityEngine]logVelocityMessage(line:58)[localhost-startStop-1]Starting Apache Velocity v1.7 (compiled: 2010-11-19 12:14:37)
2017-12-05 16:32:25,297 DEBUG [org.apache.velocity.app.VelocityEngine]logVelocityMessage(line:58)[localhost-startStop-1]Default Properties File: org\apache\velocity\runtime\defaults\velocity.properties
2017-12-05 16:32:25,297 DEBUG [org.apache.velocity.app.VelocityEngine]logVelocityMessage(line:58)[localhost-startStop-1]LogSystem has been deprecated. Please use a LogChute implementation.
2017-12-05 16:32:25,302 DEBUG [org.apache.velocity.app.VelocityEngine]logVelocityMessage(line:58)[localhost-startStop-1]ResourceLoader instantiated: org.apache.velocity.runtime.resource.loader.ClasspathResourceLoader
2017-12-05 16:32:25,305 DEBUG [org.apache.velocity.app.VelocityEngine]logVelocityMessage(line:58)[localhost-startStop-1]ResourceLoader instantiated: org.apache.velocity.runtime.resource.loader.ClasspathResourceLoader
2017-12-05 16:32:25,311 DEBUG [org.apache.velocity.app.VelocityEngine]logVelocityMessage(line:58)[localhost-startStop-1]ResourceCache: initialized (class org.apache.velocity.runtime.resource.ResourceCacheImpl) with class java.util.Collections$SynchronizedMap cache map.
2017-12-05 16:32:25,313 DEBUG [org.apache.velocity.app.VelocityEngine]logVelocityMessage(line:58)[localhost-startStop-1]Loaded System Directive: org.apache.velocity.runtime.directive.Stop
2017-12-05 16:32:25,315 DEBUG [org.apache.velocity.app.VelocityEngine]logVelocityMessage(line:58)[localhost-startStop-1]Loaded System Directive: org.apache.velocity.runtime.directive.Define
2017-12-05 16:32:25,316 DEBUG [org.apache.velocity.app.VelocityEngine]logVelocityMessage(line:58)[localhost-startStop-1]Loaded System Directive: org.apache.velocity.runtime.directive.Break
2017-12-05 16:32:25,317 DEBUG [org.apache.velocity.app.VelocityEngine]logVelocityMessage(line:58)[localhost-startStop-1]Loaded System Directive: org.apache.velocity.runtime.directive.Evaluate
2017-12-05 16:32:25,318 DEBUG [org.apache.velocity.app.VelocityEngine]logVelocityMessage(line:58)[localhost-startStop-1]Loaded System Directive: org.apache.velocity.runtime.directive.Literal
2017-12-05 16:32:25,319 DEBUG [org.apache.velocity.app.VelocityEngine]logVelocityMessage(line:58)[localhost-startStop-1]Loaded System Directive: org.apache.velocity.runtime.directive.Macro
2017-12-05 16:32:25,321 DEBUG [org.apache.velocity.app.VelocityEngine]logVelocityMessage(line:58)[localhost-startStop-1]Loaded System Directive: org.apache.velocity.runtime.directive.Parse
2017-12-05 16:32:25,322 DEBUG [org.apache.velocity.app.VelocityEngine]logVelocityMessage(line:58)[localhost-startStop-1]Loaded System Directive: org.apache.velocity.runtime.directive.Include
2017-12-05 16:32:25,323 DEBUG [org.apache.velocity.app.VelocityEngine]logVelocityMessage(line:58)[localhost-startStop-1]Loaded System Directive: org.apache.velocity.runtime.directive.Foreach
2017-12-05 16:32:25,357 DEBUG [org.apache.velocity.app.VelocityEngine]logVelocityMessage(line:58)[localhost-startStop-1]Created '20' parsers.
2017-12-05 16:32:25,368 DEBUG [org.apache.velocity.app.VelocityEngine]logVelocityMessage(line:58)[localhost-startStop-1]Velocimacro : adding VMs from VM library : org/springframework/web/servlet/view/velocity/spring.vm
2017-12-05 16:32:25,475 DEBUG [org.apache.velocity.app.VelocityEngine]logVelocityMessage(line:58)[localhost-startStop-1]Velocimacro : added VM springMessage: source=org/springframework/web/servlet/view/velocity/spring.vm
2017-12-05 16:32:25,476 DEBUG [org.apache.velocity.app.VelocityEngine]logVelocityMessage(line:58)[localhost-startStop-1]Velocimacro : added VM springMessageText: source=org/springframework/web/servlet/view/velocity/spring.vm
2017-12-05 16:32:25,476 DEBUG [org.apache.velocity.app.VelocityEngine]logVelocityMessage(line:58)[localhost-startStop-1]Velocimacro : added VM springTheme: source=org/springframework/web/servlet/view/velocity/spring.vm
2017-12-05 16:32:25,477 DEBUG [org.apache.velocity.app.VelocityEngine]logVelocityMessage(line:58)[localhost-startStop-1]Velocimacro : added VM springThemeText: source=org/springframework/web/servlet/view/velocity/spring.vm
2017-12-05 16:32:25,477 DEBUG [org.apache.velocity.app.VelocityEngine]logVelocityMessage(line:58)[localhost-startStop-1]Velocimacro : added VM springUrl: source=org/springframework/web/servlet/view/velocity/spring.vm
2017-12-05 16:32:25,478 DEBUG [org.apache.velocity.app.VelocityEngine]logVelocityMessage(line:58)[localhost-startStop-1]Velocimacro : added VM springBind: source=org/springframework/web/servlet/view/velocity/spring.vm
2017-12-05 16:32:25,478 DEBUG [org.apache.velocity.app.VelocityEngine]logVelocityMessage(line:58)[localhost-startStop-1]Velocimacro : added VM springBindEscaped: source=org/springframework/web/servlet/view/velocity/spring.vm
2017-12-05 16:32:25,479 DEBUG [org.apache.velocity.app.VelocityEngine]logVelocityMessage(line:58)[localhost-startStop-1]Velocimacro : added VM springFormInput: source=org/springframework/web/servlet/view/velocity/spring.vm
2017-12-05 16:32:25,479 DEBUG [org.apache.velocity.app.VelocityEngine]logVelocityMessage(line:58)[localhost-startStop-1]Velocimacro : added VM springFormPasswordInput: source=org/springframework/web/servlet/view/velocity/spring.vm
2017-12-05 16:32:25,480 DEBUG [org.apache.velocity.app.VelocityEngine]logVelocityMessage(line:58)[localhost-startStop-1]Velocimacro : added VM springFormHiddenInput: source=org/springframework/web/servlet/view/velocity/spring.vm
2017-12-05 16:32:25,480 DEBUG [org.apache.velocity.app.VelocityEngine]logVelocityMessage(line:58)[localhost-startStop-1]Velocimacro : added VM springFormTextarea: source=org/springframework/web/servlet/view/velocity/spring.vm
2017-12-05 16:32:25,482 DEBUG [org.apache.velocity.app.VelocityEngine]logVelocityMessage(line:58)[localhost-startStop-1]Velocimacro : added VM springFormSingleSelect: source=org/springframework/web/servlet/view/velocity/spring.vm
2017-12-05 16:32:25,482 DEBUG [org.apache.velocity.app.VelocityEngine]logVelocityMessage(line:58)[localhost-startStop-1]Velocimacro : added VM springFormMultiSelect: source=org/springframework/web/servlet/view/velocity/spring.vm
2017-12-05 16:32:25,484 DEBUG [org.apache.velocity.app.VelocityEngine]logVelocityMessage(line:58)[localhost-startStop-1]Velocimacro : added VM springFormRadioButtons: source=org/springframework/web/servlet/view/velocity/spring.vm
2017-12-05 16:32:25,485 DEBUG [org.apache.velocity.app.VelocityEngine]logVelocityMessage(line:58)[localhost-startStop-1]Velocimacro : added VM springFormCheckboxes: source=org/springframework/web/servlet/view/velocity/spring.vm
2017-12-05 16:32:25,488 DEBUG [org.apache.velocity.app.VelocityEngine]logVelocityMessage(line:58)[localhost-startStop-1]Velocimacro : added VM springFormCheckbox: source=org/springframework/web/servlet/view/velocity/spring.vm
2017-12-05 16:32:25,488 DEBUG [org.apache.velocity.app.VelocityEngine]logVelocityMessage(line:58)[localhost-startStop-1]Velocimacro : added VM springShowErrors: source=org/springframework/web/servlet/view/velocity/spring.vm
2017-12-05 16:32:25,489 DEBUG [org.apache.velocity.app.VelocityEngine]logVelocityMessage(line:58)[localhost-startStop-1]Velocimacro : added VM springCloseTag: source=org/springframework/web/servlet/view/velocity/spring.vm
2017-12-05 16:32:25,489 DEBUG [org.apache.velocity.app.VelocityEngine]logVelocityMessage(line:58)[localhost-startStop-1]ResourceManager : found org/springframework/web/servlet/view/velocity/spring.vm with loader org.apache.velocity.runtime.resource.loader.ClasspathResourceLoader
2017-12-05 16:32:25,490 DEBUG [org.apache.velocity.app.VelocityEngine]logVelocityMessage(line:58)[localhost-startStop-1]Velocimacro : allowInline = true : VMs can be defined inline in templates
2017-12-05 16:32:25,490 DEBUG [org.apache.velocity.app.VelocityEngine]logVelocityMessage(line:58)[localhost-startStop-1]Velocimacro : allowInlineToOverride = false : VMs defined inline may NOT replace previous VM definitions
2017-12-05 16:32:25,490 DEBUG [org.apache.velocity.app.VelocityEngine]logVelocityMessage(line:58)[localhost-startStop-1]Velocimacro : allowInlineLocal = false : VMs defined inline will be global in scope if allowed.
2017-12-05 16:32:25,491 DEBUG [org.apache.velocity.app.VelocityEngine]logVelocityMessage(line:58)[localhost-startStop-1]Velocimacro : autoload off : VM system will not automatically reload global library macros
2017-12-05 16:32:25,523 INFO [org.springframework.web.servlet.DispatcherServlet]initServletBean(line:473)[localhost-startStop-1]FrameworkServlet 'spring': initialization completed in 2916 ms
2017-12-05 16:32:31,588 DEBUG [org.quartz.core.QuartzSchedulerThread]run(line:276)[QuartzScheduler_QuartzSchedulerThread]batch acquisition of 1 triggers
2017-12-05 16:32:31,661 DEBUG [org.quartz.core.QuartzSchedulerThread]run(line:276)[QuartzScheduler_QuartzSchedulerThread]batch acquisition of 1 triggers
2017-12-05 16:32:32,003 DEBUG [org.quartz.core.JobRunShell]run(line:201)[QuartzScheduler_Worker-1]Calling execute on job DEFAULT.Process3411FinTaskJob
2017-12-05 16:32:32,086 DEBUG [org.apache.velocity.app.VelocityEngine]logVelocityMessage(line:58)[http-bio-8083-exec-2]ResourceManager : found org/n3r/quartz/glass/velocity/job.vm with loader org.apache.velocity.runtime.resource.loader.ClasspathResourceLoader
2017-12-05 16:32:32,156 DEBUG [org.apache.velocity.app.VelocityEngine]logVelocityMessage(line:58)[http-bio-8083-exec-2]ResourceManager : found org/n3r/quartz/glass/velocity/job.vm with loader org.apache.velocity.runtime.resource.loader.ClasspathResourceLoader
2017-12-05 16:32:32,159 DEBUG [org.apache.velocity.app.VelocityEngine]logVelocityMessage(line:58)[http-bio-8083-exec-2]ResourceManager : found org/n3r/quartz/glass/velocity/macro/macros.vm with loader org.apache.velocity.runtime.resource.loader.ClasspathResourceLoader
2017-12-05 16:32:32,176 DEBUG [org.apache.velocity.app.VelocityEngine]logVelocityMessage(line:58)[http-bio-8083-exec-2]Velocimacro : added VM history: source=org/n3r/quartz/glass/velocity/macro/history.vm
2017-12-05 16:32:32,176 DEBUG [org.apache.velocity.app.VelocityEngine]logVelocityMessage(line:58)[http-bio-8083-exec-2]ResourceManager : found org/n3r/quartz/glass/velocity/macro/history.vm with loader org.apache.velocity.runtime.resource.loader.ClasspathResourceLoader
2017-12-05 16:32:32,177 DEBUG [org.apache.velocity.app.VelocityEngine]logVelocityMessage(line:58)[http-bio-8083-exec-2]ResourceManager : found org/n3r/quartz/glass/velocity/widgets/head.vm with loader org.apache.velocity.runtime.resource.loader.ClasspathResourceLoader
2017-12-05 16:32:32,178 DEBUG [org.apache.velocity.app.VelocityEngine]logVelocityMessage(line:58)[http-bio-8083-exec-2]ResourceManager : found org/n3r/quartz/glass/velocity/widgets/menu.vm with loader org.apache.velocity.runtime.resource.loader.ClasspathResourceLoader
2017-12-05 16:32:32,211 DEBUG [org.apache.velocity.app.VelocityEngine]logVelocityMessage(line:58)[http-bio-8083-exec-2]ResourceManager : found org/n3r/quartz/glass/velocity/widgets/args.vm with loader org.apache.velocity.runtime.resource.loader.ClasspathResourceLoader
2017-12-05 16:32:32,334 DEBUG [org.apache.velocity.app.VelocityEngine]logVelocityMessage(line:58)[http-bio-8083-exec-2]ResourceManager : found org/n3r/quartz/glass/velocity/widgets/footer.vm with loader org.apache.velocity.runtime.resource.loader.ClasspathResourceLoader
2017-12-05 16:32:35,053 INFO [net.easipay.cbp.view.Job.ProcessFinTaskJob]execute(line:29)[QuartzScheduler_Worker-1]开始执行处理3411记账任务...
2017-12-05 16:32:37,010 DEBUG [java.sql.Connection]debug(line:27)[QuartzScheduler_Worker-1]{conn-100000} Connection
2017-12-05 16:32:37,240 DEBUG [java.sql.Connection]debug(line:27)[QuartzScheduler_Worker-1]{conn-100000} Preparing Statement:          SELECT          id,         cus_bill_no,         plat_bill_no,         trx_serial_no,         otrx_serial_no,         etrx_serial_no,         trx_state,         cracc_cus_code,         cracc_cus_type,         cracc_no,         cracc_name,         cracc_node_code,         cracc_bank_name,         dracc_cus_code,         dracc_cus_type,         dracc_no,         dracc_name,         dracc_node_code,         dracc_bank_name,         pay_currency,         ex_rate,         pay_amount,         sac_currency,         sac_amount,         buss_type,         trx_type,         pay_way,         sac_flag,         inn_con_flag,         inn_con_status,         paycon_type,         cha_con_flag,         cha_con_status,         memo,         channel_cost,      cus_charge,            trx_succ_time,         trx_batch_no,         update_time,         create_time,         trx_err_deal_type,         cracc_cus_name,      dracc_cus_name,      tax_amount,      account_status,      reversal_status,      trx_time,      is_send,      transport_expenses    FROM SAC_OTRX_INFO         WHERE                     CREATE_TIME >=  TRUNC(add_months(sysdate,-1),'dd')                                                                                                                                                                                          AND is_send = ?            AND  trx_type = ?                                                                                                               ORDER BY create_time DESC                          
2017-12-05 16:32:37,372 DEBUG [java.sql.PreparedStatement]debug(line:27)[QuartzScheduler_Worker-1]{pstm-100001} Executing Statement:          SELECT          id,         cus_bill_no,         plat_bill_no,         trx_serial_no,         otrx_serial_no,         etrx_serial_no,         trx_state,         cracc_cus_code,         cracc_cus_type,         cracc_no,         cracc_name,         cracc_node_code,         cracc_bank_name,         dracc_cus_code,         dracc_cus_type,         dracc_no,         dracc_name,         dracc_node_code,         dracc_bank_name,         pay_currency,         ex_rate,         pay_amount,         sac_currency,         sac_amount,         buss_type,         trx_type,         pay_way,         sac_flag,         inn_con_flag,         inn_con_status,         paycon_type,         cha_con_flag,         cha_con_status,         memo,         channel_cost,      cus_charge,            trx_succ_time,         trx_batch_no,         update_time,         create_time,         trx_err_deal_type,         cracc_cus_name,      dracc_cus_name,      tax_amount,      account_status,      reversal_status,      trx_time,      is_send,      transport_expenses    FROM SAC_OTRX_INFO         WHERE                     CREATE_TIME >=  TRUNC(add_months(sysdate,-1),'dd')                                                                                                                                                                                          AND is_send = ?            AND  trx_type = ?                                                                                                               ORDER BY create_time DESC                          
2017-12-05 16:32:37,374 DEBUG [java.sql.PreparedStatement]debug(line:27)[QuartzScheduler_Worker-1]{pstm-100001} Parameters: [N, 3411]
2017-12-05 16:32:37,374 DEBUG [java.sql.PreparedStatement]debug(line:27)[QuartzScheduler_Worker-1]{pstm-100001} Types: [java.lang.String, java.lang.String]
2017-12-05 16:32:37,384 DEBUG [java.sql.ResultSet]debug(line:27)[QuartzScheduler_Worker-1]{rset-100002} ResultSet
2017-12-05 16:33:00,004 DEBUG [org.quartz.core.QuartzSchedulerThread]run(line:276)[QuartzScheduler_QuartzSchedulerThread]batch acquisition of 0 triggers
2017-12-05 16:33:00,017 DEBUG [org.quartz.core.JobRunShell]run(line:201)[QuartzScheduler_Worker-2]Calling execute on job DEFAULT.ProcessScanUndoFinTaskJob
2017-12-05 16:33:00,018 INFO [net.easipay.cbp.view.Job.ProcessScanUndoFinTaskJob]execute(line:23)[QuartzScheduler_Worker-2]开始执行异步处理未处理的记账任务...
2017-12-05 16:33:00,018 INFO [net.easipay.dsfc.cache.CacheLogger]info(line:14)[QuartzScheduler_Worker-2]Start refresh cache... [ cacheType - net.easipay.dsfc.Service ]
2017-12-05 16:33:00,089 DEBUG [net.easipay.dsfc.ws.WsLogger]debug(line:37)[QuartzScheduler_Worker-2]Preprocess time - 70
2017-12-05 16:33:00,089 DEBUG [net.easipay.dsfc.ws.WsLogger]debug(line:37)[QuartzScheduler_Worker-2]Service - 服务查找接口
2017-12-05 16:33:00,089 DEBUG [net.easipay.dsfc.ws.WsLogger]debug(line:37)[QuartzScheduler_Worker-2]HttpUrl - http://10.68.7.50:8083/dsf/interface/searchService
2017-12-05 16:33:00,089 DEBUG [net.easipay.dsfc.ws.WsLogger]debug(line:37)[QuartzScheduler_Worker-2]Request - {"Request":{"dstbServices":["SAC-FA-0005"]},"Signature":{"Sign":"","data":""},"PubInfo":{"RequestVersion":"2.0.1","TransactionId":"rec20171205163300018","Channel":"rec","ClientIP":"10.68.30.91","Origin":"rec","TransactionTime":"20171205163300"}}
2017-12-05 16:33:00,101 DEBUG [net.easipay.dsfc.ws.WsLogger]debug(line:37)[QuartzScheduler_Worker-2]Response - {"Message":"成功","Response":{"dstbServicesList":[{"serviceId":"SAC-FA-0005","serviceName":"异步处理未处理的fin_task任务","serviceDesc":null,"serviceProtocol":"HTTP","serviceIp":"10.68.30.91","servicePort":"8081","serviceSuffix":"/fa/interface/autoOnProcessFinTask","callWay":"POST","routeArithmetic":"0","arithmeticValue":"30","serviceSource":"fa","serviceStatus":"01","cacheNum":2,"memo":null,"serviceDataMode":null}]},"Code":"000000"}
2017-12-05 16:33:00,102 DEBUG [net.easipay.dsfc.ws.WsLogger]debug(line:37)[QuartzScheduler_Worker-2]Call time - 12
2017-12-05 16:33:00,199 DEBUG [net.easipay.dsfc.ws.WsLogger]debug(line:37)[QuartzScheduler_Worker-2]Preprocess time - 80
2017-12-05 16:33:00,199 DEBUG [net.easipay.dsfc.ws.WsLogger]debug(line:37)[QuartzScheduler_Worker-2]Service - 异步处理未处理的fin_task任务
2017-12-05 16:33:00,199 DEBUG [net.easipay.dsfc.ws.WsLogger]debug(line:37)[QuartzScheduler_Worker-2]HttpUrl - http://10.68.30.91:8081/fa/interface/autoOnProcessFinTask
2017-12-05 16:33:00,199 DEBUG [net.easipay.dsfc.ws.WsLogger]debug(line:37)[QuartzScheduler_Worker-2]Request - {"Request":{"maxSize":1000},"Signature":{"Sign":"","data":""},"PubInfo":{"RequestVersion":"2.0.1","TransactionId":"rec20171205163300119","Channel":"rec","ClientIP":"10.68.30.91","Origin":"fa","TransactionTime":"20171205163300"}}
2017-12-05 16:33:00,204 DEBUG [net.easipay.dsfc.ws.WsLogger]debug(line:37)[QuartzScheduler_Worker-2]Response - {"Code":"000000","Message":"成功","Response":{}}
2017-12-05 16:33:00,205 DEBUG [net.easipay.dsfc.ws.WsLogger]debug(line:37)[QuartzScheduler_Worker-2]Call time - 5
2017-12-05 16:33:00,205 INFO [net.easipay.cbp.view.Job.ProcessScanUndoFinTaskJob]execute(line:31)[QuartzScheduler_Worker-2]结束执行异步处理未处理的记账任务...
2017-12-05 16:33:00,221 DEBUG [org.quartz.core.QuartzSchedulerThread]run(line:276)[QuartzScheduler_QuartzSchedulerThread]batch acquisition of 0 triggers
2017-12-05 16:33:28,070 DEBUG [org.quartz.core.QuartzSchedulerThread]run(line:276)[QuartzScheduler_QuartzSchedulerThread]batch acquisition of 0 triggers
2017-12-05 16:33:32,860 INFO [net.easipay.cbp.view.Job.ProcessFinTaskJob]execute(line:52)[QuartzScheduler_Worker-1]无相关3411交易...
2017-12-05 16:33:32,860 INFO [net.easipay.cbp.view.Job.ProcessFinTaskJob]execute(line:57)[QuartzScheduler_Worker-1]结束执行处理3411记账任务...
2017-12-05 16:33:32,874 DEBUG [org.quartz.core.QuartzSchedulerThread]run(line:276)[QuartzScheduler_QuartzSchedulerThread]batch acquisition of 1 triggers
2017-12-05 16:34:00,000 DEBUG [org.quartz.core.QuartzSchedulerThread]run(line:276)[QuartzScheduler_QuartzSchedulerThread]batch acquisition of 1 triggers
2017-12-05 16:34:00,001 DEBUG [org.quartz.core.QuartzSchedulerThread]run(line:276)[QuartzScheduler_QuartzSchedulerThread]batch acquisition of 0 triggers
2017-12-05 16:34:00,015 DEBUG [org.quartz.core.JobRunShell]run(line:201)[QuartzScheduler_Worker-3]Calling execute on job DEFAULT.Process3411FinTaskJob
2017-12-05 16:34:00,021 DEBUG [org.quartz.core.JobRunShell]run(line:201)[QuartzScheduler_Worker-4]Calling execute on job DEFAULT.ProcessScanUndoFinTaskJob
2017-12-05 16:34:00,021 INFO [net.easipay.cbp.view.Job.ProcessScanUndoFinTaskJob]execute(line:23)[QuartzScheduler_Worker-4]开始执行异步处理未处理的记账任务...
2017-12-05 16:34:00,063 DEBUG [net.easipay.dsfc.ws.WsLogger]debug(line:37)[QuartzScheduler_Worker-4]Preprocess time - 42
2017-12-05 16:34:00,064 DEBUG [net.easipay.dsfc.ws.WsLogger]debug(line:37)[QuartzScheduler_Worker-4]Service - 异步处理未处理的fin_task任务
2017-12-05 16:34:00,064 DEBUG [net.easipay.dsfc.ws.WsLogger]debug(line:37)[QuartzScheduler_Worker-4]HttpUrl - http://10.68.30.91:8081/fa/interface/autoOnProcessFinTask
2017-12-05 16:34:00,064 DEBUG [net.easipay.dsfc.ws.WsLogger]debug(line:37)[QuartzScheduler_Worker-4]Request - {"Request":{"maxSize":1000},"Signature":{"Sign":"","data":""},"PubInfo":{"RequestVersion":"2.0.1","TransactionId":"rec20171205163400021","Channel":"rec","ClientIP":"10.68.30.91","Origin":"fa","TransactionTime":"20171205163400"}}
2017-12-05 16:34:00,069 DEBUG [net.easipay.dsfc.ws.WsLogger]debug(line:37)[QuartzScheduler_Worker-4]Response - {"Code":"000000","Message":"成功","Response":{}}
2017-12-05 16:34:00,069 DEBUG [net.easipay.dsfc.ws.WsLogger]debug(line:37)[QuartzScheduler_Worker-4]Call time - 5
2017-12-05 16:34:00,070 INFO [net.easipay.cbp.view.Job.ProcessScanUndoFinTaskJob]execute(line:31)[QuartzScheduler_Worker-4]结束执行异步处理未处理的记账任务...
2017-12-05 16:34:00,085 DEBUG [org.quartz.core.QuartzSchedulerThread]run(line:276)[QuartzScheduler_QuartzSchedulerThread]batch acquisition of 0 triggers
2017-12-05 16:34:02,260 INFO [net.easipay.cbp.view.Job.ProcessFinTaskJob]execute(line:29)[QuartzScheduler_Worker-3]开始执行处理3411记账任务...
2017-12-05 16:34:03,717 DEBUG [java.sql.Connection]debug(line:27)[QuartzScheduler_Worker-3]{conn-100003} Connection
2017-12-05 16:34:03,720 DEBUG [java.sql.Connection]debug(line:27)[QuartzScheduler_Worker-3]{conn-100003} Preparing Statement:          SELECT          id,         cus_bill_no,         plat_bill_no,         trx_serial_no,         otrx_serial_no,         etrx_serial_no,         trx_state,         cracc_cus_code,         cracc_cus_type,         cracc_no,         cracc_name,         cracc_node_code,         cracc_bank_name,         dracc_cus_code,         dracc_cus_type,         dracc_no,         dracc_name,         dracc_node_code,         dracc_bank_name,         pay_currency,         ex_rate,         pay_amount,         sac_currency,         sac_amount,         buss_type,         trx_type,         pay_way,         sac_flag,         inn_con_flag,         inn_con_status,         paycon_type,         cha_con_flag,         cha_con_status,         memo,         channel_cost,      cus_charge,            trx_succ_time,         trx_batch_no,         update_time,         create_time,         trx_err_deal_type,         cracc_cus_name,      dracc_cus_name,      tax_amount,      account_status,      reversal_status,      trx_time,      is_send,      transport_expenses    FROM SAC_OTRX_INFO         WHERE                     CREATE_TIME >=  TRUNC(add_months(sysdate,-1),'dd')                                                                                                                                                                                          AND is_send = ?            AND  trx_type = ?                                                                                                               ORDER BY create_time DESC                          
2017-12-05 16:34:03,724 DEBUG [java.sql.PreparedStatement]debug(line:27)[QuartzScheduler_Worker-3]{pstm-100004} Executing Statement:          SELECT          id,         cus_bill_no,         plat_bill_no,         trx_serial_no,         otrx_serial_no,         etrx_serial_no,         trx_state,         cracc_cus_code,         cracc_cus_type,         cracc_no,         cracc_name,         cracc_node_code,         cracc_bank_name,         dracc_cus_code,         dracc_cus_type,         dracc_no,         dracc_name,         dracc_node_code,         dracc_bank_name,         pay_currency,         ex_rate,         pay_amount,         sac_currency,         sac_amount,         buss_type,         trx_type,         pay_way,         sac_flag,         inn_con_flag,         inn_con_status,         paycon_type,         cha_con_flag,         cha_con_status,         memo,         channel_cost,      cus_charge,            trx_succ_time,         trx_batch_no,         update_time,         create_time,         trx_err_deal_type,         cracc_cus_name,      dracc_cus_name,      tax_amount,      account_status,      reversal_status,      trx_time,      is_send,      transport_expenses    FROM SAC_OTRX_INFO         WHERE                     CREATE_TIME >=  TRUNC(add_months(sysdate,-1),'dd')                                                                                                                                                                                          AND is_send = ?            AND  trx_type = ?                                                                                                               ORDER BY create_time DESC                          
2017-12-05 16:34:03,725 DEBUG [java.sql.PreparedStatement]debug(line:27)[QuartzScheduler_Worker-3]{pstm-100004} Parameters: [N, 3411]
2017-12-05 16:34:03,725 DEBUG [java.sql.PreparedStatement]debug(line:27)[QuartzScheduler_Worker-3]{pstm-100004} Types: [java.lang.String, java.lang.String]
2017-12-05 16:34:03,735 DEBUG [java.sql.ResultSet]debug(line:27)[QuartzScheduler_Worker-3]{rset-100005} ResultSet
2017-12-05 16:34:03,743 DEBUG [java.sql.ResultSet]debug(line:27)[QuartzScheduler_Worker-3]{rset-100005} Header: [id, cus_bill_no, plat_bill_no, trx_serial_no, otrx_serial_no, etrx_serial_no, trx_state, cracc_cus_code, cracc_cus_type, cracc_no, cracc_name, cracc_node_code, cracc_bank_name, dracc_cus_code, dracc_cus_type, dracc_no, dracc_name, dracc_node_code, dracc_bank_name, pay_currency, ex_rate, pay_amount, sac_currency, sac_amount, buss_type, trx_type, pay_way, sac_flag, inn_con_flag, inn_con_status, paycon_type, cha_con_flag, cha_con_status, memo, trx_batch_no, update_time, create_time, trx_err_deal_type, cracc_cus_name, dracc_cus_name, tax_amount, transport_expenses, account_status, reversal_status, trx_time, channel_cost, cus_charge, trx_succ_time, is_send]
2017-12-05 16:34:03,744 DEBUG [java.sql.ResultSet]debug(line:27)[QuartzScheduler_Worker-3]{rset-100005} Result: [4654412675731300279, null, null, EPASS002016060900010790, 123, EPLATBB2016060900000006043, N, 1000000000628449858, 1, 9012241020009990014, 支付平台暂挂款账户, EPLATBB, b2b支付平台, 1000000000786346336, 1, 2012241010766790019, 苏州交运国际集装箱运输有限公司, EPLATBB, b2b支付平台, CNY, null, 111, null, null, 20, 3411, 1, N, S, N, 1, N, N, null, TRXNOTINBATCH, 2016-06-09 11:01:00.0, 2017-12-05 16:08:57.0, null, 太仓国际集装箱码头有限公司, 苏州交运国际集装箱运输有限公司, null, null, N, N, 2016-06-09 11:03:59.0, 0, 0, 2016-10-10 11:00:51.737, N]
2017-12-05 16:34:07,334 INFO [net.easipay.dsfc.cache.CacheLogger]info(line:14)[QuartzScheduler_Worker-3]Start refresh cache... [ cacheType - net.easipay.dsfc.Service ]
2017-12-05 16:34:07,381 DEBUG [net.easipay.dsfc.ws.WsLogger]debug(line:37)[QuartzScheduler_Worker-3]Preprocess time - 46
2017-12-05 16:34:07,382 DEBUG [net.easipay.dsfc.ws.WsLogger]debug(line:37)[QuartzScheduler_Worker-3]Service - 服务查找接口
2017-12-05 16:34:07,382 DEBUG [net.easipay.dsfc.ws.WsLogger]debug(line:37)[QuartzScheduler_Worker-3]HttpUrl - http://10.68.7.50:8083/dsf/interface/searchService
2017-12-05 16:34:07,383 DEBUG [net.easipay.dsfc.ws.WsLogger]debug(line:37)[QuartzScheduler_Worker-3]Request - {"Request":{"dstbServices":["SAC-FA-0005","SAC-AC-0010"]},"Signature":{"Sign":"","data":""},"PubInfo":{"RequestVersion":"2.0.1","TransactionId":"rec20171205163407335","Channel":"rec","ClientIP":"10.68.30.91","Origin":"rec","TransactionTime":"20171205163407"}}
2017-12-05 16:34:07,395 DEBUG [net.easipay.dsfc.ws.WsLogger]debug(line:37)[QuartzScheduler_Worker-3]Response - {"Message":"成功","Response":{"dstbServicesList":[{"serviceId":"SAC-FA-0005","serviceName":"异步处理未处理的fin_task任务","serviceDesc":null,"serviceProtocol":"HTTP","serviceIp":"10.68.30.91","servicePort":"8081","serviceSuffix":"/fa/interface/autoOnProcessFinTask","callWay":"POST","routeArithmetic":"0","arithmeticValue":"30","serviceSource":"fa","serviceStatus":"01","cacheNum":2,"memo":null,"serviceDataMode":null},{"serviceId":"SAC-AC-0010","serviceName":"通知记账接口","serviceDesc":null,"serviceProtocol":"HTTP","serviceIp":"10.68.30.91","servicePort":"8082","serviceSuffix":"/ac/interface/joinRuleFinTask","callWay":"POST","routeArithmetic":"0","arithmeticValue":"30","serviceSource":"ac","serviceStatus":"01","cacheNum":1,"memo":null,"serviceDataMode":null}]},"Code":"000000"}
2017-12-05 16:34:07,396 DEBUG [net.easipay.dsfc.ws.WsLogger]debug(line:37)[QuartzScheduler_Worker-3]Call time - 14
2017-12-05 16:34:07,441 DEBUG [net.easipay.dsfc.ws.WsLogger]debug(line:37)[QuartzScheduler_Worker-3]Preprocess time - 44
2017-12-05 16:34:07,442 DEBUG [net.easipay.dsfc.ws.WsLogger]debug(line:37)[QuartzScheduler_Worker-3]Service - 通知记账接口
2017-12-05 16:34:07,442 DEBUG [net.easipay.dsfc.ws.WsLogger]debug(line:37)[QuartzScheduler_Worker-3]HttpUrl - http://10.68.30.91:8082/ac/interface/joinRuleFinTask
2017-12-05 16:34:07,443 DEBUG [net.easipay.dsfc.ws.WsLogger]debug(line:37)[QuartzScheduler_Worker-3]Request - {"Request":{"finRuleTasks":[{"trxCode":"3411","trxState":"N","trxSerialNo":"EPASS002016060900010790"}]},"Signature":{"Sign":"","data":""},"PubInfo":{"RequestVersion":"2.0.1","TransactionId":"rec20171205163407397","Channel":"rec","ClientIP":"10.68.30.91","Origin":"ac","TransactionTime":"20171205163407"}}
2017-12-05 16:34:08,295 DEBUG [net.easipay.dsfc.ws.WsLogger]debug(line:37)[QuartzScheduler_Worker-3]Response - {"Code":"000000","Message":"成功","Response":{}}
2017-12-05 16:34:08,296 DEBUG [net.easipay.dsfc.ws.WsLogger]debug(line:37)[QuartzScheduler_Worker-3]Call time - 853
2017-12-05 16:34:08,297 DEBUG [java.sql.Connection]debug(line:27)[QuartzScheduler_Worker-3]{conn-100006} Connection
2017-12-05 16:34:08,303 DEBUG [java.sql.Connection]debug(line:27)[QuartzScheduler_Worker-3]{conn-100006} Preparing Statement:          UPDATE SAC_OTRX_INFO                 SET               inn_con_flag = ?               ,  inn_con_status = ?               ,  cha_con_flag = ?               ,  cha_con_status = ?               ,  account_status = ?               , reversal_status = ?               , is_send = ?                   WHERE ID = ?   
2017-12-05 16:34:08,305 DEBUG [java.sql.PreparedStatement]debug(line:27)[QuartzScheduler_Worker-3]{pstm-100007} Executing Statement:          UPDATE SAC_OTRX_INFO                 SET               inn_con_flag = ?               ,  inn_con_status = ?               ,  cha_con_flag = ?               ,  cha_con_status = ?               ,  account_status = ?               , reversal_status = ?               , is_send = ?                   WHERE ID = ?   
2017-12-05 16:34:08,306 DEBUG [java.sql.PreparedStatement]debug(line:27)[QuartzScheduler_Worker-3]{pstm-100007} Parameters: [S, N, N, N, N, N, S, 4654412675731300279]
2017-12-05 16:34:08,306 DEBUG [java.sql.PreparedStatement]debug(line:27)[QuartzScheduler_Worker-3]{pstm-100007} Types: [java.lang.String, java.lang.String, java.lang.String, java.lang.String, java.lang.String, java.lang.String, java.lang.String, java.lang.Long]
2017-12-05 16:34:08,345 DEBUG [net.easipay.cbp.service.impl.OriTransactionManagerImpl]processTrxFinTask(line:271)[QuartzScheduler_Worker-3]3411,批次流水号=TRXNOTINBATCH,总笔数=1记账成功
2017-12-05 16:34:18,388 DEBUG [java.sql.Connection]debug(line:27)[QuartzScheduler_Worker-3]{conn-100008} Connection
2017-12-05 16:34:18,391 DEBUG [java.sql.Connection]debug(line:27)[QuartzScheduler_Worker-3]{conn-100008} Preparing Statement:          SELECT          id,         cus_bill_no,         plat_bill_no,         trx_serial_no,         otrx_serial_no,         etrx_serial_no,         trx_state,         cracc_cus_code,         cracc_cus_type,         cracc_no,         cracc_name,         cracc_node_code,         cracc_bank_name,         dracc_cus_code,         dracc_cus_type,         dracc_no,         dracc_name,         dracc_node_code,         dracc_bank_name,         pay_currency,         ex_rate,         pay_amount,         sac_currency,         sac_amount,         buss_type,         trx_type,         pay_way,         sac_flag,         inn_con_flag,         inn_con_status,         paycon_type,         cha_con_flag,         cha_con_status,         memo,         channel_cost,      cus_charge,            trx_succ_time,         trx_batch_no,         update_time,         create_time,         trx_err_deal_type,         cracc_cus_name,      dracc_cus_name,      tax_amount,      account_status,      reversal_status,      trx_time,      is_send,      transport_expenses    FROM SAC_OTRX_INFO         WHERE                     CREATE_TIME >=  TRUNC(add_months(sysdate,-1),'dd')                                                                                                                                                                              AND  trx_batch_no = ?              AND is_send = ?            AND  trx_type = ?                                                                                                               ORDER BY create_time DESC                          
2017-12-05 16:34:18,394 DEBUG [java.sql.PreparedStatement]debug(line:27)[QuartzScheduler_Worker-3]{pstm-100009} Executing Statement:          SELECT          id,         cus_bill_no,         plat_bill_no,         trx_serial_no,         otrx_serial_no,         etrx_serial_no,         trx_state,         cracc_cus_code,         cracc_cus_type,         cracc_no,         cracc_name,         cracc_node_code,         cracc_bank_name,         dracc_cus_code,         dracc_cus_type,         dracc_no,         dracc_name,         dracc_node_code,         dracc_bank_name,         pay_currency,         ex_rate,         pay_amount,         sac_currency,         sac_amount,         buss_type,         trx_type,         pay_way,         sac_flag,         inn_con_flag,         inn_con_status,         paycon_type,         cha_con_flag,         cha_con_status,         memo,         channel_cost,      cus_charge,            trx_succ_time,         trx_batch_no,         update_time,         create_time,         trx_err_deal_type,         cracc_cus_name,      dracc_cus_name,      tax_amount,      account_status,      reversal_status,      trx_time,      is_send,      transport_expenses    FROM SAC_OTRX_INFO         WHERE                     CREATE_TIME >=  TRUNC(add_months(sysdate,-1),'dd')                                                                                                                                                                              AND  trx_batch_no = ?              AND is_send = ?            AND  trx_type = ?                                                                                                               ORDER BY create_time DESC                          
2017-12-05 16:34:18,395 DEBUG [java.sql.PreparedStatement]debug(line:27)[QuartzScheduler_Worker-3]{pstm-100009} Parameters: [EPASS002016060900010790, N, 3803]
2017-12-05 16:34:18,396 DEBUG [java.sql.PreparedStatement]debug(line:27)[QuartzScheduler_Worker-3]{pstm-100009} Types: [java.lang.String, java.lang.String, java.lang.String]
2017-12-05 16:34:18,413 DEBUG [java.sql.ResultSet]debug(line:27)[QuartzScheduler_Worker-3]{rset-100010} ResultSet
2017-12-05 16:34:19,945 INFO [net.easipay.cbp.view.Job.ProcessFinTaskJob]execute(line:57)[QuartzScheduler_Worker-3]结束执行处理3411记账任务...
2017-12-05 16:34:19,954 DEBUG [org.quartz.core.QuartzSchedulerThread]run(line:276)[QuartzScheduler_QuartzSchedulerThread]batch acquisition of 0 triggers
2017-12-05 16:34:43,489 DEBUG [org.quartz.core.QuartzSchedulerThread]run(line:276)[QuartzScheduler_QuartzSchedulerThread]batch acquisition of 1 triggers
