Performance Statistics   2018-05-07 14:01:00 - 2018-05-07 14:02:00
Tag                                                  Avg(ms)         Min         Max     Std Dev       Count
GRANT_SERVICE_TICKET                                     0.0           0           0         0.0           1

Performance Statistics   2018-05-07 14:02:00 - 2018-05-07 14:03:00
Tag                                                  Avg(ms)         Min         Max     Std Dev       Count
CREATE_TICKET_GRANTING_TICKET                          413.0         413         413         0.0           1
GRANT_SERVICE_TICKET                                     0.0           0           0         0.0           1

Performance Statistics   2018-05-07 14:03:00 - 2018-05-07 14:04:00
Tag                                                  Avg(ms)         Min         Max     Std Dev       Count
CREATE_TICKET_GRANTING_TICKET                           67.0          67          67         0.0           1
DESTROY_TICKET_GRANTING_TICKET                           0.0           0           0         0.0           1
GRANT_SERVICE_TICKET                                     1.0           1           1         0.0           1
VALIDATE_SERVICE_TICKET                                  1.0           1           1         0.0           1

Performance Statistics   2018-05-07 14:04:00 - 2018-05-07 14:05:00
Tag                                                  Avg(ms)         Min         Max     Std Dev       Count

Performance Statistics   2018-05-07 14:05:00 - 2018-05-07 14:06:00
Tag                                                  Avg(ms)         Min         Max     Std Dev       Count

Performance Statistics   2018-05-07 14:06:00 - 2018-05-07 14:07:00
Tag                                                  Avg(ms)         Min         Max     Std Dev       Count

Performance Statistics   2018-05-07 14:07:00 - 2018-05-07 14:08:00
Tag                                                  Avg(ms)         Min         Max     Std Dev       Count

Performance Statistics   2018-05-07 14:08:00 - 2018-05-07 14:09:00
Tag                                                  Avg(ms)         Min         Max     Std Dev       Count

Performance Statistics   2018-05-07 14:09:00 - 2018-05-07 14:10:00
Tag                                                  Avg(ms)         Min         Max     Std Dev       Count

Performance Statistics   2018-05-07 14:10:00 - 2018-05-07 14:11:00
Tag                                                  Avg(ms)         Min         Max     Std Dev       Count

Performance Statistics   2018-05-07 14:11:00 - 2018-05-07 14:12:00
Tag                                                  Avg(ms)         Min         Max     Std Dev       Count

Performance Statistics   2018-05-07 14:12:00 - 2018-05-07 14:13:00
Tag                                                  Avg(ms)         Min         Max     Std Dev       Count

Performance Statistics   2018-05-07 14:13:00 - 2018-05-07 14:14:00
Tag                                                  Avg(ms)         Min         Max     Std Dev       Count

Performance Statistics   2018-05-07 14:14:00 - 2018-05-07 14:15:00
Tag                                                  Avg(ms)         Min         Max     Std Dev       Count

Performance Statistics   2018-05-07 14:15:00 - 2018-05-07 14:16:00
Tag                                                  Avg(ms)         Min         Max     Std Dev       Count

Performance Statistics   2018-05-07 14:16:00 - 2018-05-07 14:17:00
Tag                                                  Avg(ms)         Min         Max     Std Dev       Count

Performance Statistics   2018-05-07 14:17:00 - 2018-05-07 14:18:00
Tag                                                  Avg(ms)         Min         Max     Std Dev       Count

Performance Statistics   2018-05-07 14:18:00 - 2018-05-07 14:19:00
Tag                                                  Avg(ms)         Min         Max     Std Dev       Count

Performance Statistics   2018-05-07 14:19:00 - 2018-05-07 14:20:00
Tag                                                  Avg(ms)         Min         Max     Std Dev       Count

Performance Statistics   2018-05-07 14:20:00 - 2018-05-07 14:21:00
Tag                                                  Avg(ms)         Min         Max     Std Dev       Count

Performance Statistics   2018-05-07 14:21:00 - 2018-05-07 14:22:00
Tag                                                  Avg(ms)         Min         Max     Std Dev       Count

Performance Statistics   2018-05-07 14:22:00 - 2018-05-07 14:23:00
Tag                                                  Avg(ms)         Min         Max     Std Dev       Count

Performance Statistics   2018-05-07 14:23:00 - 2018-05-07 14:24:00
Tag                                                  Avg(ms)         Min         Max     Std Dev       Count

Performance Statistics   2018-05-07 14:24:00 - 2018-05-07 14:25:00
Tag                                                  Avg(ms)         Min         Max     Std Dev       Count

Performance Statistics   2018-05-07 14:25:00 - 2018-05-07 14:26:00
Tag                                                  Avg(ms)         Min         Max     Std Dev       Count

Performance Statistics   2018-05-07 14:26:00 - 2018-05-07 14:27:00
Tag                                                  Avg(ms)         Min         Max     Std Dev       Count

Performance Statistics   2018-05-07 14:27:00 - 2018-05-07 14:28:00
Tag                                                  Avg(ms)         Min         Max     Std Dev       Count

Performance Statistics   2018-05-07 14:28:00 - 2018-05-07 14:29:00
Tag                                                  Avg(ms)         Min         Max     Std Dev       Count

Performance Statistics   2018-05-07 14:29:00 - 2018-05-07 14:30:00
Tag                                                  Avg(ms)         Min         Max     Std Dev       Count

Performance Statistics   2018-05-07 14:30:00 - 2018-05-07 14:31:00
Tag                                                  Avg(ms)         Min         Max     Std Dev       Count

Performance Statistics   2018-05-07 14:31:00 - 2018-05-07 14:32:00
Tag                                                  Avg(ms)         Min         Max     Std Dev       Count

Performance Statistics   2018-05-07 14:32:00 - 2018-05-07 14:33:00
Tag                                                  Avg(ms)         Min         Max     Std Dev       Count

Performance Statistics   2018-05-07 14:33:00 - 2018-05-07 14:34:00
Tag                                                  Avg(ms)         Min         Max     Std Dev       Count

Performance Statistics   2018-05-07 14:34:00 - 2018-05-07 14:35:00
Tag                                                  Avg(ms)         Min         Max     Std Dev       Count

Performance Statistics   2018-05-07 14:35:00 - 2018-05-07 14:36:00
Tag                                                  Avg(ms)         Min         Max     Std Dev       Count

Performance Statistics   2018-05-07 14:36:00 - 2018-05-07 14:37:00
Tag                                                  Avg(ms)         Min         Max     Std Dev       Count

Performance Statistics   2018-05-07 14:37:00 - 2018-05-07 14:38:00
Tag                                                  Avg(ms)         Min         Max     Std Dev       Count

Performance Statistics   2018-05-07 14:38:00 - 2018-05-07 14:39:00
Tag                                                  Avg(ms)         Min         Max     Std Dev       Count

Performance Statistics   2018-05-07 14:39:00 - 2018-05-07 14:40:00
Tag                                                  Avg(ms)         Min         Max     Std Dev       Count

Performance Statistics   2018-05-07 14:40:00 - 2018-05-07 14:41:00
Tag                                                  Avg(ms)         Min         Max     Std Dev       Count

Performance Statistics   2018-05-07 14:41:00 - 2018-05-07 14:42:00
Tag                                                  Avg(ms)         Min         Max     Std Dev       Count

Performance Statistics   2018-05-07 14:42:00 - 2018-05-07 14:43:00
Tag                                                  Avg(ms)         Min         Max     Std Dev       Count

Performance Statistics   2018-05-07 14:43:00 - 2018-05-07 14:44:00
Tag                                                  Avg(ms)         Min         Max     Std Dev       Count

Performance Statistics   2018-05-07 14:44:00 - 2018-05-07 14:45:00
Tag                                                  Avg(ms)         Min         Max     Std Dev       Count

Performance Statistics   2018-05-07 14:45:00 - 2018-05-07 14:46:00
Tag                                                  Avg(ms)         Min         Max     Std Dev       Count

Performance Statistics   2018-05-07 14:46:00 - 2018-05-07 14:47:00
Tag                                                  Avg(ms)         Min         Max     Std Dev       Count

Performance Statistics   2018-05-07 14:47:00 - 2018-05-07 14:48:00
Tag                                                  Avg(ms)         Min         Max     Std Dev       Count

Performance Statistics   2018-05-07 14:48:00 - 2018-05-07 14:49:00
Tag                                                  Avg(ms)         Min         Max     Std Dev       Count

Performance Statistics   2018-05-07 14:49:00 - 2018-05-07 14:50:00
Tag                                                  Avg(ms)         Min         Max     Std Dev       Count

Performance Statistics   2018-05-07 14:50:00 - 2018-05-07 14:51:00
Tag                                                  Avg(ms)         Min         Max     Std Dev       Count

Performance Statistics   2018-05-07 14:51:00 - 2018-05-07 14:52:00
Tag                                                  Avg(ms)         Min         Max     Std Dev       Count

Performance Statistics   2018-05-07 14:52:00 - 2018-05-07 14:53:00
Tag                                                  Avg(ms)         Min         Max     Std Dev       Count

Performance Statistics   2018-05-07 14:53:00 - 2018-05-07 14:54:00
Tag                                                  Avg(ms)         Min         Max     Std Dev       Count

Performance Statistics   2018-05-07 14:54:00 - 2018-05-07 14:55:00
Tag                                                  Avg(ms)         Min         Max     Std Dev       Count

Performance Statistics   2018-05-07 14:55:00 - 2018-05-07 14:56:00
Tag                                                  Avg(ms)         Min         Max     Std Dev       Count

Performance Statistics   2018-05-07 14:56:00 - 2018-05-07 14:57:00
Tag                                                  Avg(ms)         Min         Max     Std Dev       Count

Performance Statistics   2018-05-07 14:57:00 - 2018-05-07 14:58:00
Tag                                                  Avg(ms)         Min         Max     Std Dev       Count

Performance Statistics   2018-05-07 14:58:00 - 2018-05-07 14:59:00
Tag                                                  Avg(ms)         Min         Max     Std Dev       Count

Performance Statistics   2018-05-07 14:59:00 - 2018-05-07 15:00:00
Tag                                                  Avg(ms)         Min         Max     Std Dev       Count

Performance Statistics   2018-05-07 15:00:00 - 2018-05-07 15:01:00
Tag                                                  Avg(ms)         Min         Max     Std Dev       Count

Performance Statistics   2018-05-07 15:01:00 - 2018-05-07 15:02:00
Tag                                                  Avg(ms)         Min         Max     Std Dev       Count

Performance Statistics   2018-05-07 15:02:00 - 2018-05-07 15:03:00
Tag                                                  Avg(ms)         Min         Max     Std Dev       Count

Performance Statistics   2018-05-07 15:03:00 - 2018-05-07 15:04:00
Tag                                                  Avg(ms)         Min         Max     Std Dev       Count

Performance Statistics   2018-05-07 15:04:00 - 2018-05-07 15:05:00
Tag                                                  Avg(ms)         Min         Max     Std Dev       Count

